/*C2*/SET SCHEMA PUBLIC
CONNECT USER SA
/*C3*/SET SCHEMA PUBLIC
CONNECT USER SA
DISCONNECT
/*C4*/SET SCHEMA PUBLIC
CONNECT USER SA
DISCONNECT
/*C5*/SET SCHEMA PUBLIC
CONNECT USER SA
DISCONNECT
/*C2*/DISCONNECT
/*C6*/SET SCHEMA PUBLIC
CONNECT USER SA
DISCONNECT
/*C7*/SET SCHEMA PUBLIC
CONNECT USER SA
/*C8*/SET SCHEMA PUBLIC
CONNECT USER SA
INSERT INTO ESTOQUE VALUES(32525,'ferwferf',5243,5245.00,'grfgfrwgf','0035-12-08',0)
DISCONNECT
/*C7*/DISCONNECT
/*C9*/SET SCHEMA PUBLIC
CONNECT USER SA
INSERT INTO ESTOQUE VALUES(452245,'frgwg',5245,542524.00,'ffweqrgr','2017-06-30',0)
DISCONNECT
/*C10*/SET SCHEMA PUBLIC
CONNECT USER SA
DELETE FROM ESTOQUE WHERE ID_PRODUTO=32525
/*C11*/SET SCHEMA PUBLIC
CONNECT USER SA
INSERT INTO ESTOQUE VALUES(5425,'gffgrs',5425,546.00,'sgdg','2017-06-30',5425)
DISCONNECT
/*C10*/DISCONNECT
/*C12*/SET SCHEMA PUBLIC
CONNECT USER SA
INSERT INTO ESTOQUE VALUES(55555,'fgrw',45,4574.00,'grwrgw','2017-06-30',45)
DISCONNECT
/*C13*/SET SCHEMA PUBLIC
CONNECT USER SA
DELETE FROM ESTOQUE WHERE ID_PRODUTO=55555
DISCONNECT
/*C14*/SET SCHEMA PUBLIC
CONNECT USER SA
/*C15*/SET SCHEMA PUBLIC
CONNECT USER SA
INSERT INTO ESTOQUE VALUES(555,'grtg',546,5656.00,'gwrgw','2017-06-30',546)
DISCONNECT
/*C16*/SET SCHEMA PUBLIC
CONNECT USER SA
DELETE FROM ESTOQUE WHERE ID_PRODUTO=555
DISCONNECT
/*C17*/SET SCHEMA PUBLIC
CONNECT USER SA
INSERT INTO ESTOQUE VALUES(444,'grg',78,78.00,'rwrg','2017-06-30',78)
DISCONNECT
/*C18*/SET SCHEMA PUBLIC
CONNECT USER SA
DELETE FROM ESTOQUE WHERE ID_PRODUTO=444
DISCONNECT
/*C19*/SET SCHEMA PUBLIC
CONNECT USER SA
INSERT INTO ESTOQUE VALUES(444,'grg',78,78.00,'rwrg','2017-06-30',78)
DISCONNECT
/*C20*/SET SCHEMA PUBLIC
CONNECT USER SA
INSERT INTO ESTOQUE VALUES(777,'wrgrwg',878,656.00,'rgrwg','2017-06-30',878)
DISCONNECT
/*C21*/SET SCHEMA PUBLIC
CONNECT USER SA
DELETE FROM ESTOQUE WHERE ID_PRODUTO=777
DISCONNECT
/*C14*/DISCONNECT
/*C22*/SET SCHEMA PUBLIC
CONNECT USER SA
